2018-10-08 11:31:53,271 [Worker-3] INFO  c.g.t.t.d.PublishedGradleVersions - Gradle version information cache is out-of-date. Trying to update.
2018-10-08 11:32:45,840 [Worker-0] INFO  o.e.m.c.i.p.ProjectConfigurationManager - Collecting project info '/pom.xml' C:\Users\Admin\Desktop\Workspace\StaticTest\pom.xml
2018-10-08 11:32:48,216 [Worker-0] INFO  o.e.m.c.i.l.LifecycleMappingFactory - Using org.eclipse.m2e.jdt.JarLifecycleMapping lifecycle mapping for MavenProject: com.qa:StaticTest:0.0.1-SNAPSHOT @ C:\Users\Admin\Desktop\Workspace\StaticTest\pom.xml.
2018-10-08 11:32:48,865 [Worker-0] INFO  o.e.m.j.i.AbstractJavaProjectConfigurator - Adding source folder /StaticTest/src/main/java
2018-10-08 11:32:48,872 [Worker-0] INFO  o.e.m.j.i.AbstractJavaProjectConfigurator - Adding source folder /StaticTest/src/test/java
2018-10-08 11:32:49,460 [Worker-0] INFO  o.e.m.c.i.p.ProjectConfigurationManager - Imported and configured 1 project(s) in 3 sec
2018-10-08 11:32:50,272 [Worker-7] INFO  o.e.m.c.i.embedder.EclipseLogger - Using 'UTF-8' encoding to copy filtered resources.
2018-10-08 11:32:50,273 [Worker-7] INFO  o.e.m.c.i.embedder.EclipseLogger - skip non existing resourceDirectory C:\Users\Admin\Desktop\Workspace\StaticTest\src\main\resources
2018-10-08 11:32:50,274 [Worker-7] INFO  o.e.m.c.i.embedder.EclipseLogger - Using 'UTF-8' encoding to copy filtered resources.
2018-10-08 11:32:50,274 [Worker-7] INFO  o.e.m.c.i.embedder.EclipseLogger - skip non existing resourceDirectory C:\Users\Admin\Desktop\Workspace\StaticTest\src\test\resources
2018-10-08 11:32:56,649 [Worker-3] INFO  o.e.m.c.i.embedder.EclipseLogger - Using 'UTF-8' encoding to copy filtered resources.
2018-10-08 11:32:56,650 [Worker-3] INFO  o.e.m.c.i.embedder.EclipseLogger - skip non existing resourceDirectory C:\Users\Admin\Desktop\Workspace\StaticTest\src\main\resources
2018-10-08 11:32:56,650 [Worker-3] INFO  o.e.m.c.i.embedder.EclipseLogger - Using 'UTF-8' encoding to copy filtered resources.
2018-10-08 11:32:56,650 [Worker-3] INFO  o.e.m.c.i.embedder.EclipseLogger - skip non existing resourceDirectory C:\Users\Admin\Desktop\Workspace\StaticTest\src\test\resources
2018-10-08 11:33:19,351 [Worker-7] INFO  o.e.m.c.i.embedder.EclipseLogger - Using 'UTF-8' encoding to copy filtered resources.
2018-10-08 11:33:19,352 [Worker-7] INFO  o.e.m.c.i.embedder.EclipseLogger - skip non existing resourceDirectory C:\Users\Admin\Desktop\Workspace\StaticTest\src\main\resources
2018-10-08 11:33:19,365 [Worker-7] INFO  o.e.m.c.i.embedder.EclipseLogger - Using 'UTF-8' encoding to copy filtered resources.
2018-10-08 11:33:19,365 [Worker-7] INFO  o.e.m.c.i.embedder.EclipseLogger - skip non existing resourceDirectory C:\Users\Admin\Desktop\Workspace\StaticTest\src\test\resources
2018-10-08 11:33:20,430 [Worker-6] INFO  o.e.m.c.i.embedder.EclipseLogger - Using 'UTF-8' encoding to copy filtered resources.
2018-10-08 11:33:20,431 [Worker-6] INFO  o.e.m.c.i.embedder.EclipseLogger - skip non existing resourceDirectory C:\Users\Admin\Desktop\Workspace\StaticTest\src\main\resources
2018-10-08 11:33:20,435 [Worker-6] INFO  o.e.m.c.i.embedder.EclipseLogger - Using 'UTF-8' encoding to copy filtered resources.
2018-10-08 11:33:20,439 [Worker-6] INFO  o.e.m.c.i.embedder.EclipseLogger - skip non existing resourceDirectory C:\Users\Admin\Desktop\Workspace\StaticTest\src\test\resources
2018-10-08 11:33:25,844 [Worker-3] INFO  o.e.m.c.i.embedder.EclipseLogger - Using 'UTF-8' encoding to copy filtered resources.
2018-10-08 11:33:25,845 [Worker-3] INFO  o.e.m.c.i.embedder.EclipseLogger - skip non existing resourceDirectory C:\Users\Admin\Desktop\Workspace\StaticTest\src\main\resources
2018-10-08 11:33:25,849 [Worker-3] INFO  o.e.m.c.i.embedder.EclipseLogger - Using 'UTF-8' encoding to copy filtered resources.
2018-10-08 11:33:25,853 [Worker-3] INFO  o.e.m.c.i.embedder.EclipseLogger - skip non existing resourceDirectory C:\Users\Admin\Desktop\Workspace\StaticTest\src\test\resources
2018-10-08 11:33:34,771 [Worker-4] INFO  o.e.m.c.i.embedder.EclipseLogger - Using 'UTF-8' encoding to copy filtered resources.
2018-10-08 11:33:34,771 [Worker-4] INFO  o.e.m.c.i.embedder.EclipseLogger - skip non existing resourceDirectory C:\Users\Admin\Desktop\Workspace\StaticTest\src\main\resources
2018-10-08 11:33:34,787 [Worker-4] INFO  o.e.m.c.i.embedder.EclipseLogger - Using 'UTF-8' encoding to copy filtered resources.
2018-10-08 11:33:34,792 [Worker-4] INFO  o.e.m.c.i.embedder.EclipseLogger - skip non existing resourceDirectory C:\Users\Admin\Desktop\Workspace\StaticTest\src\test\resources
2018-10-08 11:33:40,066 [Worker-4] INFO  o.e.m.c.i.embedder.EclipseLogger - Using 'UTF-8' encoding to copy filtered resources.
2018-10-08 11:33:40,066 [Worker-4] INFO  o.e.m.c.i.embedder.EclipseLogger - skip non existing resourceDirectory C:\Users\Admin\Desktop\Workspace\StaticTest\src\main\resources
2018-10-08 11:33:40,089 [Worker-4] INFO  o.e.m.c.i.embedder.EclipseLogger - Using 'UTF-8' encoding to copy filtered resources.
2018-10-08 11:33:40,094 [Worker-4] INFO  o.e.m.c.i.embedder.EclipseLogger - skip non existing resourceDirectory C:\Users\Admin\Desktop\Workspace\StaticTest\src\test\resources
2018-10-08 11:36:05,244 [Worker-8] INFO  o.e.m.c.i.embedder.EclipseLogger - Using 'UTF-8' encoding to copy filtered resources.
2018-10-08 11:36:05,245 [Worker-8] INFO  o.e.m.c.i.embedder.EclipseLogger - skip non existing resourceDirectory C:\Users\Admin\Desktop\Workspace\StaticTest\src\main\resources
2018-10-08 11:36:05,250 [Worker-8] INFO  o.e.m.c.i.embedder.EclipseLogger - Using 'UTF-8' encoding to copy filtered resources.
2018-10-08 11:36:05,254 [Worker-8] INFO  o.e.m.c.i.embedder.EclipseLogger - skip non existing resourceDirectory C:\Users\Admin\Desktop\Workspace\StaticTest\src\test\resources
2018-10-08 11:41:17,756 [Worker-10] INFO  o.e.m.c.i.embedder.EclipseLogger - Using 'UTF-8' encoding to copy filtered resources.
2018-10-08 11:41:17,756 [Worker-10] INFO  o.e.m.c.i.embedder.EclipseLogger - skip non existing resourceDirectory C:\Users\Admin\Desktop\Workspace\StaticTest\src\main\resources
2018-10-08 11:41:17,761 [Worker-10] INFO  o.e.m.c.i.embedder.EclipseLogger - Using 'UTF-8' encoding to copy filtered resources.
2018-10-08 11:41:17,765 [Worker-10] INFO  o.e.m.c.i.embedder.EclipseLogger - skip non existing resourceDirectory C:\Users\Admin\Desktop\Workspace\StaticTest\src\test\resources
2018-10-08 11:41:40,350 [Worker-10] INFO  o.e.m.c.i.embedder.EclipseLogger - Using 'UTF-8' encoding to copy filtered resources.
2018-10-08 11:41:40,350 [Worker-10] INFO  o.e.m.c.i.embedder.EclipseLogger - skip non existing resourceDirectory C:\Users\Admin\Desktop\Workspace\StaticTest\src\main\resources
2018-10-08 11:41:40,354 [Worker-10] INFO  o.e.m.c.i.embedder.EclipseLogger - Using 'UTF-8' encoding to copy filtered resources.
2018-10-08 11:41:40,358 [Worker-10] INFO  o.e.m.c.i.embedder.EclipseLogger - skip non existing resourceDirectory C:\Users\Admin\Desktop\Workspace\StaticTest\src\test\resources
2018-10-08 11:42:09,038 [Worker-8] INFO  o.e.m.c.i.embedder.EclipseLogger - Using 'UTF-8' encoding to copy filtered resources.
2018-10-08 11:42:09,039 [Worker-8] INFO  o.e.m.c.i.embedder.EclipseLogger - skip non existing resourceDirectory C:\Users\Admin\Desktop\Workspace\StaticTest\src\main\resources
2018-10-08 11:42:09,044 [Worker-8] INFO  o.e.m.c.i.embedder.EclipseLogger - Using 'UTF-8' encoding to copy filtered resources.
2018-10-08 11:42:09,048 [Worker-8] INFO  o.e.m.c.i.embedder.EclipseLogger - skip non existing resourceDirectory C:\Users\Admin\Desktop\Workspace\StaticTest\src\test\resources
2018-10-08 11:43:16,418 [Worker-7] INFO  o.e.m.c.i.embedder.EclipseLogger - Using 'UTF-8' encoding to copy filtered resources.
2018-10-08 11:43:16,418 [Worker-7] INFO  o.e.m.c.i.embedder.EclipseLogger - skip non existing resourceDirectory C:\Users\Admin\Desktop\Workspace\StaticTest\src\main\resources
2018-10-08 11:43:16,425 [Worker-7] INFO  o.e.m.c.i.embedder.EclipseLogger - Using 'UTF-8' encoding to copy filtered resources.
2018-10-08 11:43:16,444 [Worker-7] INFO  o.e.m.c.i.embedder.EclipseLogger - skip non existing resourceDirectory C:\Users\Admin\Desktop\Workspace\StaticTest\src\test\resources
2018-10-08 11:43:50,166 [Worker-12] INFO  o.e.m.c.i.embedder.EclipseLogger - Using 'UTF-8' encoding to copy filtered resources.
2018-10-08 11:43:50,166 [Worker-12] INFO  o.e.m.c.i.embedder.EclipseLogger - skip non existing resourceDirectory C:\Users\Admin\Desktop\Workspace\StaticTest\src\main\resources
2018-10-08 11:43:50,171 [Worker-12] INFO  o.e.m.c.i.embedder.EclipseLogger - Using 'UTF-8' encoding to copy filtered resources.
2018-10-08 11:43:50,175 [Worker-12] INFO  o.e.m.c.i.embedder.EclipseLogger - skip non existing resourceDirectory C:\Users\Admin\Desktop\Workspace\StaticTest\src\test\resources
2018-10-08 11:44:46,337 [Worker-2] INFO  o.e.m.c.i.embedder.EclipseLogger - Using 'UTF-8' encoding to copy filtered resources.
2018-10-08 11:44:46,337 [Worker-2] INFO  o.e.m.c.i.embedder.EclipseLogger - skip non existing resourceDirectory C:\Users\Admin\Desktop\Workspace\StaticTest\src\main\resources
2018-10-08 11:44:46,342 [Worker-2] INFO  o.e.m.c.i.embedder.EclipseLogger - Using 'UTF-8' encoding to copy filtered resources.
2018-10-08 11:44:46,347 [Worker-2] INFO  o.e.m.c.i.embedder.EclipseLogger - skip non existing resourceDirectory C:\Users\Admin\Desktop\Workspace\StaticTest\src\test\resources
2018-10-08 11:48:24,167 [Worker-7] INFO  o.e.m.c.i.embedder.EclipseLogger - Using 'UTF-8' encoding to copy filtered resources.
2018-10-08 11:48:24,167 [Worker-7] INFO  o.e.m.c.i.embedder.EclipseLogger - skip non existing resourceDirectory C:\Users\Admin\Desktop\Workspace\StaticTest\src\main\resources
2018-10-08 11:48:24,172 [Worker-7] INFO  o.e.m.c.i.embedder.EclipseLogger - Using 'UTF-8' encoding to copy filtered resources.
2018-10-08 11:48:24,177 [Worker-7] INFO  o.e.m.c.i.embedder.EclipseLogger - skip non existing resourceDirectory C:\Users\Admin\Desktop\Workspace\StaticTest\src\test\resources
2018-10-08 11:48:37,529 [Worker-14] INFO  o.e.m.c.i.embedder.EclipseLogger - Using 'UTF-8' encoding to copy filtered resources.
2018-10-08 11:48:37,529 [Worker-14] INFO  o.e.m.c.i.embedder.EclipseLogger - skip non existing resourceDirectory C:\Users\Admin\Desktop\Workspace\StaticTest\src\main\resources
2018-10-08 11:48:37,535 [Worker-14] INFO  o.e.m.c.i.embedder.EclipseLogger - Using 'UTF-8' encoding to copy filtered resources.
2018-10-08 11:48:37,539 [Worker-14] INFO  o.e.m.c.i.embedder.EclipseLogger - skip non existing resourceDirectory C:\Users\Admin\Desktop\Workspace\StaticTest\src\test\resources
2018-10-08 11:50:25,713 [Worker-7] INFO  o.e.m.c.i.embedder.EclipseLogger - Using 'UTF-8' encoding to copy filtered resources.
2018-10-08 11:50:25,713 [Worker-7] INFO  o.e.m.c.i.embedder.EclipseLogger - skip non existing resourceDirectory C:\Users\Admin\Desktop\Workspace\StaticTest\src\main\resources
2018-10-08 11:50:25,718 [Worker-7] INFO  o.e.m.c.i.embedder.EclipseLogger - Using 'UTF-8' encoding to copy filtered resources.
2018-10-08 11:50:25,723 [Worker-7] INFO  o.e.m.c.i.embedder.EclipseLogger - skip non existing resourceDirectory C:\Users\Admin\Desktop\Workspace\StaticTest\src\test\resources
2018-10-08 11:59:19,144 [Worker-7] INFO  o.e.m.c.i.l.LifecycleMappingFactory - Using org.eclipse.m2e.jdt.JarLifecycleMapping lifecycle mapping for MavenProject: com.qa:StaticTest:0.0.1-SNAPSHOT @ C:\Users\Admin\Desktop\Workspace\StaticTest\pom.xml.
2018-10-08 11:59:19,553 [Worker-7] INFO  o.e.m.c.i.embedder.EclipseLogger - Using 'UTF-8' encoding to copy filtered resources.
2018-10-08 11:59:19,557 [Worker-7] INFO  o.e.m.c.i.embedder.EclipseLogger - skip non existing resourceDirectory C:\Users\Admin\Desktop\Workspace\StaticTest\src\main\resources
2018-10-08 11:59:19,562 [Worker-7] INFO  o.e.m.c.i.embedder.EclipseLogger - Using 'UTF-8' encoding to copy filtered resources.
2018-10-08 11:59:19,566 [Worker-7] INFO  o.e.m.c.i.embedder.EclipseLogger - skip non existing resourceDirectory C:\Users\Admin\Desktop\Workspace\StaticTest\src\test\resources
2018-10-08 11:59:20,683 [Worker-17] INFO  o.e.m.c.i.embedder.EclipseLogger - Using 'UTF-8' encoding to copy filtered resources.
2018-10-08 11:59:20,688 [Worker-17] INFO  o.e.m.c.i.embedder.EclipseLogger - skip non existing resourceDirectory C:\Users\Admin\Desktop\Workspace\StaticTest\src\main\resources
2018-10-08 11:59:20,693 [Worker-17] INFO  o.e.m.c.i.embedder.EclipseLogger - Using 'UTF-8' encoding to copy filtered resources.
2018-10-08 11:59:20,697 [Worker-17] INFO  o.e.m.c.i.embedder.EclipseLogger - skip non existing resourceDirectory C:\Users\Admin\Desktop\Workspace\StaticTest\src\test\resources
2018-10-08 12:00:58,920 [Worker-17] INFO  o.e.m.c.i.embedder.EclipseLogger - Using 'UTF-8' encoding to copy filtered resources.
2018-10-08 12:00:58,920 [Worker-17] INFO  o.e.m.c.i.embedder.EclipseLogger - skip non existing resourceDirectory C:\Users\Admin\Desktop\Workspace\StaticTest\src\main\resources
2018-10-08 12:00:58,925 [Worker-17] INFO  o.e.m.c.i.embedder.EclipseLogger - Using 'UTF-8' encoding to copy filtered resources.
2018-10-08 12:00:58,929 [Worker-17] INFO  o.e.m.c.i.embedder.EclipseLogger - skip non existing resourceDirectory C:\Users\Admin\Desktop\Workspace\StaticTest\src\test\resources
2018-10-08 12:02:02,744 [Worker-15] INFO  o.e.m.c.i.embedder.EclipseLogger - Using 'UTF-8' encoding to copy filtered resources.
2018-10-08 12:02:02,749 [Worker-15] INFO  o.e.m.c.i.embedder.EclipseLogger - skip non existing resourceDirectory C:\Users\Admin\Desktop\Workspace\StaticTest\src\main\resources
2018-10-08 12:02:02,753 [Worker-15] INFO  o.e.m.c.i.embedder.EclipseLogger - Using 'UTF-8' encoding to copy filtered resources.
2018-10-08 12:02:02,757 [Worker-15] INFO  o.e.m.c.i.embedder.EclipseLogger - skip non existing resourceDirectory C:\Users\Admin\Desktop\Workspace\StaticTest\src\test\resources
2018-10-08 12:02:50,682 [Worker-7] INFO  o.e.m.c.i.embedder.EclipseLogger - Using 'UTF-8' encoding to copy filtered resources.
2018-10-08 12:02:50,687 [Worker-7] INFO  o.e.m.c.i.embedder.EclipseLogger - skip non existing resourceDirectory C:\Users\Admin\Desktop\Workspace\StaticTest\src\main\resources
2018-10-08 12:02:50,692 [Worker-7] INFO  o.e.m.c.i.embedder.EclipseLogger - Using 'UTF-8' encoding to copy filtered resources.
2018-10-08 12:02:50,695 [Worker-7] INFO  o.e.m.c.i.embedder.EclipseLogger - skip non existing resourceDirectory C:\Users\Admin\Desktop\Workspace\StaticTest\src\test\resources
2018-10-08 12:04:02,587 [Worker-17] INFO  o.e.m.c.i.embedder.EclipseLogger - Using 'UTF-8' encoding to copy filtered resources.
2018-10-08 12:04:02,592 [Worker-17] INFO  o.e.m.c.i.embedder.EclipseLogger - skip non existing resourceDirectory C:\Users\Admin\Desktop\Workspace\StaticTest\src\main\resources
2018-10-08 12:04:02,597 [Worker-17] INFO  o.e.m.c.i.embedder.EclipseLogger - Using 'UTF-8' encoding to copy filtered resources.
2018-10-08 12:04:02,601 [Worker-17] INFO  o.e.m.c.i.embedder.EclipseLogger - skip non existing resourceDirectory C:\Users\Admin\Desktop\Workspace\StaticTest\src\test\resources
2018-10-08 12:05:50,042 [Worker-12] INFO  o.e.m.c.i.embedder.EclipseLogger - Using 'UTF-8' encoding to copy filtered resources.
2018-10-08 12:05:50,048 [Worker-12] INFO  o.e.m.c.i.embedder.EclipseLogger - skip non existing resourceDirectory C:\Users\Admin\Desktop\Workspace\StaticTest\src\main\resources
2018-10-08 12:05:50,052 [Worker-12] INFO  o.e.m.c.i.embedder.EclipseLogger - Using 'UTF-8' encoding to copy filtered resources.
2018-10-08 12:05:50,056 [Worker-12] INFO  o.e.m.c.i.embedder.EclipseLogger - skip non existing resourceDirectory C:\Users\Admin\Desktop\Workspace\StaticTest\src\test\resources
2018-10-08 12:12:54,033 [Worker-20] INFO  o.e.m.c.i.embedder.EclipseLogger - Using 'UTF-8' encoding to copy filtered resources.
2018-10-08 12:12:54,036 [Worker-20] INFO  o.e.m.c.i.embedder.EclipseLogger - skip non existing resourceDirectory C:\Users\Admin\Desktop\Workspace\StaticTest\src\main\resources
2018-10-08 12:12:54,041 [Worker-20] INFO  o.e.m.c.i.embedder.EclipseLogger - Using 'UTF-8' encoding to copy filtered resources.
2018-10-08 12:12:54,046 [Worker-20] INFO  o.e.m.c.i.embedder.EclipseLogger - skip non existing resourceDirectory C:\Users\Admin\Desktop\Workspace\StaticTest\src\test\resources
2018-10-08 12:52:56,388 [Worker-12] INFO  o.e.m.c.i.embedder.EclipseLogger - Using 'UTF-8' encoding to copy filtered resources.
2018-10-08 12:52:56,388 [Worker-12] INFO  o.e.m.c.i.embedder.EclipseLogger - skip non existing resourceDirectory C:\Users\Admin\Desktop\Workspace\StaticTest\src\main\resources
2018-10-08 12:52:56,394 [Worker-12] INFO  o.e.m.c.i.embedder.EclipseLogger - Using 'UTF-8' encoding to copy filtered resources.
2018-10-08 12:52:56,398 [Worker-12] INFO  o.e.m.c.i.embedder.EclipseLogger - skip non existing resourceDirectory C:\Users\Admin\Desktop\Workspace\StaticTest\src\test\resources
2018-10-08 15:36:35,243 [Worker-33] INFO  o.e.m.c.i.embedder.EclipseLogger - Using 'UTF-8' encoding to copy filtered resources.
2018-10-08 15:36:35,243 [Worker-33] INFO  o.e.m.c.i.embedder.EclipseLogger - skip non existing resourceDirectory C:\Users\Admin\Desktop\Workspace\StaticTest\src\main\resources
2018-10-08 15:36:35,248 [Worker-33] INFO  o.e.m.c.i.embedder.EclipseLogger - Using 'UTF-8' encoding to copy filtered resources.
2018-10-08 15:36:35,253 [Worker-33] INFO  o.e.m.c.i.embedder.EclipseLogger - skip non existing resourceDirectory C:\Users\Admin\Desktop\Workspace\StaticTest\src\test\resources
2018-10-08 15:37:57,985 [Worker-36] INFO  o.e.m.c.i.embedder.EclipseLogger - Using 'UTF-8' encoding to copy filtered resources.
2018-10-08 15:37:58,001 [Worker-36] INFO  o.e.m.c.i.embedder.EclipseLogger - skip non existing resourceDirectory C:\Users\Admin\Desktop\Workspace\StaticTest\src\main\resources
2018-10-08 15:37:58,001 [Worker-36] INFO  o.e.m.c.i.embedder.EclipseLogger - Using 'UTF-8' encoding to copy filtered resources.
2018-10-08 15:37:58,001 [Worker-36] INFO  o.e.m.c.i.embedder.EclipseLogger - skip non existing resourceDirectory C:\Users\Admin\Desktop\Workspace\StaticTest\src\test\resources
2018-10-08 15:38:30,729 [Worker-30] INFO  o.e.m.c.i.embedder.EclipseLogger - Using 'UTF-8' encoding to copy filtered resources.
2018-10-08 15:38:30,733 [Worker-30] INFO  o.e.m.c.i.embedder.EclipseLogger - skip non existing resourceDirectory C:\Users\Admin\Desktop\Workspace\StaticTest\src\main\resources
2018-10-08 15:38:30,738 [Worker-30] INFO  o.e.m.c.i.embedder.EclipseLogger - Using 'UTF-8' encoding to copy filtered resources.
2018-10-08 15:38:30,743 [Worker-30] INFO  o.e.m.c.i.embedder.EclipseLogger - skip non existing resourceDirectory C:\Users\Admin\Desktop\Workspace\StaticTest\src\test\resources
2018-10-08 16:40:01,765 [Worker-45] ERROR o.e.m.c.i.URLConnectionCaches - Unexpected URLConnection defaultUseCaches enabled
2018-10-08 16:40:01,781 [Worker-45] INFO  o.e.m.c.i.embedder.EclipseLogger - Using 'UTF-8' encoding to copy filtered resources.
2018-10-08 16:40:01,797 [Worker-45] INFO  o.e.m.c.i.embedder.EclipseLogger - skip non existing resourceDirectory C:\Users\Admin\Desktop\Workspace\StaticTest\src\main\resources
2018-10-08 16:40:01,797 [Worker-45] INFO  o.e.m.c.i.embedder.EclipseLogger - Using 'UTF-8' encoding to copy filtered resources.
2018-10-08 16:40:01,797 [Worker-45] INFO  o.e.m.c.i.embedder.EclipseLogger - skip non existing resourceDirectory C:\Users\Admin\Desktop\Workspace\StaticTest\src\test\resources
2018-10-08 16:40:52,959 [Worker-47] ERROR o.e.m.c.i.URLConnectionCaches - Unexpected URLConnection defaultUseCaches enabled
2018-10-08 16:40:52,966 [Worker-47] INFO  o.e.m.c.i.embedder.EclipseLogger - Using 'UTF-8' encoding to copy filtered resources.
2018-10-08 16:40:52,966 [Worker-47] INFO  o.e.m.c.i.embedder.EclipseLogger - skip non existing resourceDirectory C:\Users\Admin\Desktop\Workspace\StaticTest\src\main\resources
2018-10-08 16:40:52,967 [Worker-47] INFO  o.e.m.c.i.embedder.EclipseLogger - Using 'UTF-8' encoding to copy filtered resources.
2018-10-08 16:40:52,967 [Worker-47] INFO  o.e.m.c.i.embedder.EclipseLogger - skip non existing resourceDirectory C:\Users\Admin\Desktop\Workspace\StaticTest\src\test\resources
2018-10-08 16:41:11,318 [Worker-44] ERROR o.e.m.c.i.URLConnectionCaches - Unexpected URLConnection defaultUseCaches enabled
2018-10-08 16:41:11,318 [Worker-44] INFO  o.e.m.c.i.embedder.EclipseLogger - Using 'UTF-8' encoding to copy filtered resources.
2018-10-08 16:41:11,318 [Worker-44] INFO  o.e.m.c.i.embedder.EclipseLogger - skip non existing resourceDirectory C:\Users\Admin\Desktop\Workspace\StaticTest\src\main\resources
2018-10-08 16:41:11,318 [Worker-44] INFO  o.e.m.c.i.embedder.EclipseLogger - Using 'UTF-8' encoding to copy filtered resources.
2018-10-08 16:41:11,318 [Worker-44] INFO  o.e.m.c.i.embedder.EclipseLogger - skip non existing resourceDirectory C:\Users\Admin\Desktop\Workspace\StaticTest\src\test\resources
2018-10-08 16:49:26,962 [Worker-46] ERROR o.e.m.c.i.URLConnectionCaches - Unexpected URLConnection defaultUseCaches enabled
2018-10-08 16:49:26,978 [Worker-46] INFO  o.e.m.c.i.embedder.EclipseLogger - Using 'UTF-8' encoding to copy filtered resources.
2018-10-08 16:49:26,978 [Worker-46] INFO  o.e.m.c.i.embedder.EclipseLogger - skip non existing resourceDirectory C:\Users\Admin\Desktop\Workspace\StaticTest\src\main\resources
2018-10-08 16:49:26,978 [Worker-46] INFO  o.e.m.c.i.embedder.EclipseLogger - Using 'UTF-8' encoding to copy filtered resources.
2018-10-08 16:49:26,994 [Worker-46] INFO  o.e.m.c.i.embedder.EclipseLogger - skip non existing resourceDirectory C:\Users\Admin\Desktop\Workspace\StaticTest\src\test\resources
2018-10-08 16:50:58,084 [Worker-49] ERROR o.e.m.c.i.URLConnectionCaches - Unexpected URLConnection defaultUseCaches enabled
2018-10-08 16:50:58,099 [Worker-49] INFO  o.e.m.c.i.embedder.EclipseLogger - Using 'UTF-8' encoding to copy filtered resources.
2018-10-08 16:50:58,099 [Worker-49] INFO  o.e.m.c.i.embedder.EclipseLogger - skip non existing resourceDirectory C:\Users\Admin\Desktop\Workspace\StaticTest\src\main\resources
2018-10-08 16:50:58,099 [Worker-49] INFO  o.e.m.c.i.embedder.EclipseLogger - Using 'UTF-8' encoding to copy filtered resources.
2018-10-08 16:50:58,099 [Worker-49] INFO  o.e.m.c.i.embedder.EclipseLogger - skip non existing resourceDirectory C:\Users\Admin\Desktop\Workspace\StaticTest\src\test\resources
2018-10-08 16:51:31,638 [Worker-52] ERROR o.e.m.c.i.URLConnectionCaches - Unexpected URLConnection defaultUseCaches enabled
2018-10-08 16:51:31,653 [Worker-52] INFO  o.e.m.c.i.embedder.EclipseLogger - Using 'UTF-8' encoding to copy filtered resources.
2018-10-08 16:51:31,653 [Worker-52] INFO  o.e.m.c.i.embedder.EclipseLogger - skip non existing resourceDirectory C:\Users\Admin\Desktop\Workspace\StaticTest\src\main\resources
2018-10-08 16:51:31,653 [Worker-52] INFO  o.e.m.c.i.embedder.EclipseLogger - Using 'UTF-8' encoding to copy filtered resources.
2018-10-08 16:51:31,653 [Worker-52] INFO  o.e.m.c.i.embedder.EclipseLogger - skip non existing resourceDirectory C:\Users\Admin\Desktop\Workspace\StaticTest\src\test\resources
2018-10-08 17:24:37,013 [Worker-2] INFO  c.g.t.t.d.PublishedGradleVersions - Gradle version information cache is up-to-date. Trying to read.
2018-10-08 17:27:05,842 [Worker-10] INFO  o.e.m.c.i.embedder.EclipseLogger - Using 'UTF-8' encoding to copy filtered resources.
2018-10-08 17:27:05,842 [Worker-10] INFO  o.e.m.c.i.embedder.EclipseLogger - skip non existing resourceDirectory C:\Users\Admin\Desktop\Workspace\StaticTest\src\main\resources
2018-10-08 17:27:05,843 [Worker-10] INFO  o.e.m.c.i.embedder.EclipseLogger - Using 'UTF-8' encoding to copy filtered resources.
2018-10-08 17:27:05,844 [Worker-10] INFO  o.e.m.c.i.embedder.EclipseLogger - skip non existing resourceDirectory C:\Users\Admin\Desktop\Workspace\StaticTest\src\test\resources
2018-10-08 17:27:27,524 [Worker-0] INFO  o.e.m.c.i.embedder.EclipseLogger - Using 'UTF-8' encoding to copy filtered resources.
2018-10-08 17:27:27,524 [Worker-0] INFO  o.e.m.c.i.embedder.EclipseLogger - skip non existing resourceDirectory C:\Users\Admin\Desktop\Workspace\StaticTest\src\main\resources
2018-10-08 17:27:27,525 [Worker-0] INFO  o.e.m.c.i.embedder.EclipseLogger - Using 'UTF-8' encoding to copy filtered resources.
2018-10-08 17:27:27,525 [Worker-0] INFO  o.e.m.c.i.embedder.EclipseLogger - skip non existing resourceDirectory C:\Users\Admin\Desktop\Workspace\StaticTest\src\test\resources
